
========================================
Promoter Load Test Setup
========================================
[INFO] Number of assets: 5
[INFO] Asset GitHub Organization: crenshaw-dev
[INFO] Asset GitHub URL: https://github.com
[INFO] Load Test Repository: https://github.com/crenshaw-dev/gitops-promoter-loadtest
[INFO] Promoter Cluster: https://kubernetes.default.svc
[INFO] Argo CD Cluster: https://kubernetes.default.svc
[INFO] Destination Cluster: https://kubernetes.default.svc
[INFO] Run directory: ../promoter-test-results-external/runs/2025-10-20-16-41-31
[INFO] Manifests directory: ../promoter-test-results-external/runs/2025-10-20-16-41-31/manifests
[INFO] Log file: ../promoter-test-results-external/runs/2025-10-20-16-41-31/logs/setup.log

========================================
Validated Prerequisites
========================================
[INFO] ✓ Configuration loaded from config.sh
[INFO] ✓ gh (GitHub CLI) found and authenticated
[INFO] ✓ kubectl found
[INFO] ✓ jq found
[INFO] Copying test results template
[INFO] Results file created: ../promoter-test-results-external/runs/2025-10-20-16-41-31/README.md

========================================
Detecting GitHub Account Type
========================================
[INFO] Auto-detecting account type for crenshaw-dev...
[INFO] Detected as user account

========================================
GitHub App Configuration
========================================
[INFO] Using GitHub App configuration from config.sh:
  → App Name: promoter-test-2025-10-04-14-52-33
  → App ID: 2063184
  → Key Path: /Users/mcrenshaw/Downloads/promoter-test-2025-10-04-14-52-33.2025-10-04.private-key.pem

========================================
Creating GitHub Repositories
========================================
[INFO] This will create 5 repositories (deployment only, config repos disabled)
[INFO] Account type: user
[STEP] Creating repositories for asset 0000
  → Creating promoter-test-0000-deployment
[WARN]   Repository crenshaw-dev/promoter-test-0000-deployment already exists, reusing it
  → Setting up promoter-test-0000-deployment
Cloning into '/var/folders/fm/6nfh06tj61sggxnjx8smk1zh0000gr/T/tmp.I1G3hJdGbr/promoter-test-0000-deployment'...
[WARN]   Repository already has content, pulling latest
Already up to date.
  →   Using default templates from repo-templates/asset-deployment
[main 3207f62] Update deployment configuration for asset 0000
 1 file changed, 1 insertion(+), 1 deletion(-)
  →   Pushing to main
To https://github.com/crenshaw-dev/promoter-test-0000-deployment.git
   230e987..3207f62  HEAD -> main
[INFO]   ✓ Initialized repositories for asset 0000
[STEP] Creating repositories for asset 0001
  → Creating promoter-test-0001-deployment
[WARN]   Repository crenshaw-dev/promoter-test-0001-deployment already exists, reusing it
  → Setting up promoter-test-0001-deployment
Cloning into '/var/folders/fm/6nfh06tj61sggxnjx8smk1zh0000gr/T/tmp.37pF8HPNyD/promoter-test-0001-deployment'...
[WARN]   Repository already has content, pulling latest
Already up to date.
  →   Using default templates from repo-templates/asset-deployment
[main 74615fc] Update deployment configuration for asset 0001
 1 file changed, 1 insertion(+), 2 deletions(-)
  →   Pushing to main
To https://github.com/crenshaw-dev/promoter-test-0001-deployment.git
   64ebd85..74615fc  HEAD -> main
[INFO]   ✓ Initialized repositories for asset 0001
[STEP] Creating repositories for asset 0002
  → Creating promoter-test-0002-deployment
[WARN]   Repository crenshaw-dev/promoter-test-0002-deployment already exists, reusing it
  → Setting up promoter-test-0002-deployment
Cloning into '/var/folders/fm/6nfh06tj61sggxnjx8smk1zh0000gr/T/tmp.BM3gSsSbtn/promoter-test-0002-deployment'...
[WARN]   Repository already has content, pulling latest
Already up to date.
  →   Using default templates from repo-templates/asset-deployment
[main 5e34920] Update deployment configuration for asset 0002
 1 file changed, 1 insertion(+), 1 deletion(-)
  →   Pushing to main
To https://github.com/crenshaw-dev/promoter-test-0002-deployment.git
   cf48d5c..5e34920  HEAD -> main
[INFO]   ✓ Initialized repositories for asset 0002
[STEP] Creating repositories for asset 0003
  → Creating promoter-test-0003-deployment
[WARN]   Repository crenshaw-dev/promoter-test-0003-deployment already exists, reusing it
  → Setting up promoter-test-0003-deployment
Cloning into '/var/folders/fm/6nfh06tj61sggxnjx8smk1zh0000gr/T/tmp.fMShQ3a0DH/promoter-test-0003-deployment'...
[WARN]   Repository already has content, pulling latest
Already up to date.
  →   Using default templates from repo-templates/asset-deployment
[main cc1b3f0] Update deployment configuration for asset 0003
 1 file changed, 1 insertion(+), 1 deletion(-)
  →   Pushing to main
To https://github.com/crenshaw-dev/promoter-test-0003-deployment.git
   04c9d9c..cc1b3f0  HEAD -> main
[INFO]   ✓ Initialized repositories for asset 0003
[STEP] Creating repositories for asset 0004
  → Creating promoter-test-0004-deployment
[WARN]   Repository crenshaw-dev/promoter-test-0004-deployment already exists, reusing it
  → Setting up promoter-test-0004-deployment
Cloning into '/var/folders/fm/6nfh06tj61sggxnjx8smk1zh0000gr/T/tmp.wH0GJJLsDZ/promoter-test-0004-deployment'...
[WARN]   Repository already has content, pulling latest
Already up to date.
  →   Using default templates from repo-templates/asset-deployment
[main 1f74202] Update deployment configuration for asset 0004
 1 file changed, 1 insertion(+), 1 deletion(-)
  →   Pushing to main
To https://github.com/crenshaw-dev/promoter-test-0004-deployment.git
   3897e3e..1f74202  HEAD -> main
[INFO]   ✓ Initialized repositories for asset 0004
[INFO] All repositories created and initialized
[INFO] Using configured GitHub App Installation ID: 88727956

========================================
Generating Kubernetes Manifests
========================================
[STEP] Generating promoter cluster manifests
[INFO] Generated promoter cluster manifests: ../promoter-test-results-external/runs/2025-10-20-16-41-31/manifests/promoter/all-resources.yaml
[STEP] Generating Argo CD cluster manifests
[INFO] Generated Argo CD cluster manifests: ../promoter-test-results-external/runs/2025-10-20-16-41-31/manifests/argocd/all-resources.yaml
[STEP] Generating destination cluster manifests
[INFO] Generated destination cluster manifests: ../promoter-test-results-external/runs/2025-10-20-16-41-31/manifests/destination/all-resources.yaml
Would you like to clear PullRequest finalizers before deleting resources? (Y/n) [STEP] Clearing finalizers from PullRequest resources labeled with promoter-load-test-run=2025-10-20-16-41-31...
[INFO] No PullRequest resources found for this run.

========================================
Setup Summary
========================================
[INFO] Setup summary saved to ../promoter-test-results-external/runs/2025-10-20-16-41-31/logs/SETUP_SUMMARY.md

========================================
Setup Complete!
========================================

[INFO] Generated manifests for:
  • 10 GitHub repositories
  • 5 GitRepository resources
  • 5 PromotionStrategy resources
  • 5 ArgoCDCommitStatus resources
  • 30 Argo CD Applications
  • 35 Kubernetes Namespaces


========================================
Applying Kubernetes Manifests
========================================

[INFO] Now applying manifests to your clusters...

[STEP] Creating GitHub App Secret...
[INFO] Creating promoter-github-app secret imperatively with private key (not managed by GitOps)
secret/promoter-github-app configured
[INFO] ✓ Secret created/updated successfully

[STEP] Applying manifests to PROMOTER cluster...
Error from server (AlreadyExists): error when creating "../promoter-test-results-external/runs/2025-10-20-16-41-31/manifests/promoter/all-resources.yaml": clusterscmproviders.promoter.argoproj.io "promoter-test" already exists
Error from server (AlreadyExists): error when creating "../promoter-test-results-external/runs/2025-10-20-16-41-31/manifests/promoter/all-resources.yaml": namespaces "promoter-test-0000" already exists
Error from server (AlreadyExists): error when creating "../promoter-test-results-external/runs/2025-10-20-16-41-31/manifests/promoter/all-resources.yaml": gitrepositories.promoter.argoproj.io "promoter-test-0000" already exists
Error from server (AlreadyExists): error when creating "../promoter-test-results-external/runs/2025-10-20-16-41-31/manifests/promoter/all-resources.yaml": promotionstrategies.promoter.argoproj.io "promoter-test-0000" already exists
Error from server (AlreadyExists): error when creating "../promoter-test-results-external/runs/2025-10-20-16-41-31/manifests/promoter/all-resources.yaml": argocdcommitstatuses.promoter.argoproj.io "promoter-test-0000" already exists
Error from server (AlreadyExists): error when creating "../promoter-test-results-external/runs/2025-10-20-16-41-31/manifests/promoter/all-resources.yaml": namespaces "promoter-test-0001" already exists
Error from server (AlreadyExists): error when creating "../promoter-test-results-external/runs/2025-10-20-16-41-31/manifests/promoter/all-resources.yaml": gitrepositories.promoter.argoproj.io "promoter-test-0001" already exists
Error from server (AlreadyExists): error when creating "../promoter-test-results-external/runs/2025-10-20-16-41-31/manifests/promoter/all-resources.yaml": promotionstrategies.promoter.argoproj.io "promoter-test-0001" already exists
Error from server (AlreadyExists): error when creating "../promoter-test-results-external/runs/2025-10-20-16-41-31/manifests/promoter/all-resources.yaml": argocdcommitstatuses.promoter.argoproj.io "promoter-test-0001" already exists
Error from server (AlreadyExists): error when creating "../promoter-test-results-external/runs/2025-10-20-16-41-31/manifests/promoter/all-resources.yaml": namespaces "promoter-test-0002" already exists
Error from server (AlreadyExists): error when creating "../promoter-test-results-external/runs/2025-10-20-16-41-31/manifests/promoter/all-resources.yaml": gitrepositories.promoter.argoproj.io "promoter-test-0002" already exists
Error from server (AlreadyExists): error when creating "../promoter-test-results-external/runs/2025-10-20-16-41-31/manifests/promoter/all-resources.yaml": promotionstrategies.promoter.argoproj.io "promoter-test-0002" already exists
Error from server (AlreadyExists): error when creating "../promoter-test-results-external/runs/2025-10-20-16-41-31/manifests/promoter/all-resources.yaml": argocdcommitstatuses.promoter.argoproj.io "promoter-test-0002" already exists
Error from server (AlreadyExists): error when creating "../promoter-test-results-external/runs/2025-10-20-16-41-31/manifests/promoter/all-resources.yaml": namespaces "promoter-test-0003" already exists
Error from server (AlreadyExists): error when creating "../promoter-test-results-external/runs/2025-10-20-16-41-31/manifests/promoter/all-resources.yaml": gitrepositories.promoter.argoproj.io "promoter-test-0003" already exists
Error from server (AlreadyExists): error when creating "../promoter-test-results-external/runs/2025-10-20-16-41-31/manifests/promoter/all-resources.yaml": promotionstrategies.promoter.argoproj.io "promoter-test-0003" already exists
Error from server (AlreadyExists): error when creating "../promoter-test-results-external/runs/2025-10-20-16-41-31/manifests/promoter/all-resources.yaml": argocdcommitstatuses.promoter.argoproj.io "promoter-test-0003" already exists
Error from server (AlreadyExists): error when creating "../promoter-test-results-external/runs/2025-10-20-16-41-31/manifests/promoter/all-resources.yaml": namespaces "promoter-test-0004" already exists
Error from server (AlreadyExists): error when creating "../promoter-test-results-external/runs/2025-10-20-16-41-31/manifests/promoter/all-resources.yaml": gitrepositories.promoter.argoproj.io "promoter-test-0004" already exists
Error from server (AlreadyExists): error when creating "../promoter-test-results-external/runs/2025-10-20-16-41-31/manifests/promoter/all-resources.yaml": promotionstrategies.promoter.argoproj.io "promoter-test-0004" already exists
Error from server (AlreadyExists): error when creating "../promoter-test-results-external/runs/2025-10-20-16-41-31/manifests/promoter/all-resources.yaml": argocdcommitstatuses.promoter.argoproj.io "promoter-test-0004" already exists
[ERROR] ✗ Failed to create promoter resources. They may already exist.

[WARN] Detecting previous test run(s)...

[WARN] Found previous test run(s) by timestamp:
  - 2025-10-16-13-40-54

[WARN] Found 35 promoter namespace(s) and 31 application(s) with promoter-load-test label

Would you like to clean up ALL previous test runs and try again? (Y/n) 
[WARN] Running cleanup of all load test resources...
  → Deleting all load test Applications...
application.argoproj.io "promoter-loadtest" deleted
application.argoproj.io "promoter-test-0000-dev-use2" deleted
application.argoproj.io "promoter-test-0000-dev-usw2" deleted
application.argoproj.io "promoter-test-0000-prd-use2" deleted
application.argoproj.io "promoter-test-0000-prd-usw2" deleted
application.argoproj.io "promoter-test-0000-stg-use2" deleted
application.argoproj.io "promoter-test-0000-stg-usw2" deleted
application.argoproj.io "promoter-test-0001-dev-use2" deleted
application.argoproj.io "promoter-test-0001-dev-usw2" deleted
application.argoproj.io "promoter-test-0001-prd-use2" deleted
application.argoproj.io "promoter-test-0001-prd-usw2" deleted
application.argoproj.io "promoter-test-0001-stg-use2" deleted
application.argoproj.io "promoter-test-0001-stg-usw2" deleted
application.argoproj.io "promoter-test-0002-dev-use2" deleted
application.argoproj.io "promoter-test-0002-dev-usw2" deleted
application.argoproj.io "promoter-test-0002-prd-use2" deleted
application.argoproj.io "promoter-test-0002-prd-usw2" deleted
application.argoproj.io "promoter-test-0002-stg-use2" deleted
application.argoproj.io "promoter-test-0002-stg-usw2" deleted
application.argoproj.io "promoter-test-0003-dev-use2" deleted
application.argoproj.io "promoter-test-0003-dev-usw2" deleted
application.argoproj.io "promoter-test-0003-prd-use2" deleted
application.argoproj.io "promoter-test-0003-prd-usw2" deleted
application.argoproj.io "promoter-test-0003-stg-use2" deleted
application.argoproj.io "promoter-test-0003-stg-usw2" deleted
application.argoproj.io "promoter-test-0004-dev-use2" deleted
application.argoproj.io "promoter-test-0004-dev-usw2" deleted
application.argoproj.io "promoter-test-0004-prd-use2" deleted
application.argoproj.io "promoter-test-0004-prd-usw2" deleted
application.argoproj.io "promoter-test-0004-stg-use2" deleted
application.argoproj.io "promoter-test-0004-stg-usw2" deleted
  → Waiting for Applications to be deleted (up to 60s)...
application.argoproj.io/promoter-loadtest condition met
application.argoproj.io/promoter-test-0000-prd-use2 condition met
application.argoproj.io/promoter-test-0000-prd-usw2 condition met
application.argoproj.io/promoter-test-0000-stg-use2 condition met
application.argoproj.io/promoter-test-0000-stg-usw2 condition met
application.argoproj.io/promoter-test-0004-prd-use2 condition met
application.argoproj.io/promoter-test-0004-prd-usw2 condition met
  → Deleting all load test AppProjects...
appproject.argoproj.io "promoter-loadtest" deleted
appproject.argoproj.io "promoter-test-0000" deleted
appproject.argoproj.io "promoter-test-0001" deleted
appproject.argoproj.io "promoter-test-0002" deleted
appproject.argoproj.io "promoter-test-0003" deleted
appproject.argoproj.io "promoter-test-0004" deleted
  → Deleting all load test Secrets...
secret "promoter-test-0000-repo-write-creds" deleted
secret "promoter-test-0001-repo-write-creds" deleted
secret "promoter-test-0002-repo-write-creds" deleted
secret "promoter-test-0003-repo-write-creds" deleted
secret "promoter-test-0004-repo-write-creds" deleted
  → Deleting ClusterScmProvider...
  → Deleting promoter resources (GitRepository, PromotionStrategy, ArgoCDCommitStatus)...
No resources found
  → Deleting load test namespaces (promoter cluster)...
namespace "promoter-test-0000-dev-use2" deleted
namespace "promoter-test-0000-dev-usw2" deleted
namespace "promoter-test-0000-prd-use2" deleted
namespace "promoter-test-0000-prd-usw2" deleted
namespace "promoter-test-0000-stg-use2" deleted
namespace "promoter-test-0000-stg-usw2" deleted
namespace "promoter-test-0001-dev-use2" deleted
namespace "promoter-test-0001-dev-usw2" deleted
namespace "promoter-test-0001-prd-use2" deleted
namespace "promoter-test-0001-prd-usw2" deleted
namespace "promoter-test-0001-stg-use2" deleted
namespace "promoter-test-0001-stg-usw2" deleted
namespace "promoter-test-0002-dev-use2" deleted
namespace "promoter-test-0002-dev-usw2" deleted
namespace "promoter-test-0002-prd-use2" deleted
namespace "promoter-test-0002-prd-usw2" deleted
namespace "promoter-test-0002-stg-use2" deleted
namespace "promoter-test-0002-stg-usw2" deleted
namespace "promoter-test-0003-dev-use2" deleted
namespace "promoter-test-0003-dev-usw2" deleted
namespace "promoter-test-0003-prd-use2" deleted
namespace "promoter-test-0003-prd-usw2" deleted
namespace "promoter-test-0003-stg-use2" deleted
namespace "promoter-test-0003-stg-usw2" deleted
namespace "promoter-test-0004-dev-use2" deleted
namespace "promoter-test-0004-dev-usw2" deleted
namespace "promoter-test-0004-prd-use2" deleted
namespace "promoter-test-0004-prd-usw2" deleted
namespace "promoter-test-0004-stg-use2" deleted
namespace "promoter-test-0004-stg-usw2" deleted
  → Deleting load test namespaces (destination cluster)...
No resources found
[INFO] Cleanup complete. Retrying...

[STEP] Applying manifests to PROMOTER cluster (retry)...
clusterscmprovider.promoter.argoproj.io/promoter-test created
namespace/promoter-test-0000 created
gitrepository.promoter.argoproj.io/promoter-test-0000 created
promotionstrategy.promoter.argoproj.io/promoter-test-0000 created
argocdcommitstatus.promoter.argoproj.io/promoter-test-0000 created
namespace/promoter-test-0001 created
gitrepository.promoter.argoproj.io/promoter-test-0001 created
promotionstrategy.promoter.argoproj.io/promoter-test-0001 created
argocdcommitstatus.promoter.argoproj.io/promoter-test-0001 created
namespace/promoter-test-0002 created
gitrepository.promoter.argoproj.io/promoter-test-0002 created
promotionstrategy.promoter.argoproj.io/promoter-test-0002 created
argocdcommitstatus.promoter.argoproj.io/promoter-test-0002 created
namespace/promoter-test-0003 created
gitrepository.promoter.argoproj.io/promoter-test-0003 created
promotionstrategy.promoter.argoproj.io/promoter-test-0003 created
argocdcommitstatus.promoter.argoproj.io/promoter-test-0003 created
namespace/promoter-test-0004 created
gitrepository.promoter.argoproj.io/promoter-test-0004 created
promotionstrategy.promoter.argoproj.io/promoter-test-0004 created
argocdcommitstatus.promoter.argoproj.io/promoter-test-0004 created
[INFO] ✓ Promoter cluster resources created successfully

[STEP] Applying manifests to ARGO CD cluster...
Warning: metadata.finalizers: "resources-finalizer.argocd.argoproj.io": prefer a domain-qualified finalizer name including a path (/) to avoid accidental conflicts with other finalizer writers
appproject.argoproj.io/promoter-loadtest created
application.argoproj.io/promoter-loadtest created
appproject.argoproj.io/promoter-test-0000 created
secret/promoter-test-0000-repo-write-creds created
application.argoproj.io/promoter-test-0000-dev-use2 created
application.argoproj.io/promoter-test-0000-dev-usw2 created
application.argoproj.io/promoter-test-0000-stg-use2 created
application.argoproj.io/promoter-test-0000-stg-usw2 created
application.argoproj.io/promoter-test-0000-prd-use2 created
application.argoproj.io/promoter-test-0000-prd-usw2 created
appproject.argoproj.io/promoter-test-0001 created
secret/promoter-test-0001-repo-write-creds created
application.argoproj.io/promoter-test-0001-dev-use2 created
application.argoproj.io/promoter-test-0001-dev-usw2 created
application.argoproj.io/promoter-test-0001-stg-use2 created
application.argoproj.io/promoter-test-0001-stg-usw2 created
application.argoproj.io/promoter-test-0001-prd-use2 created
application.argoproj.io/promoter-test-0001-prd-usw2 created
appproject.argoproj.io/promoter-test-0002 created
secret/promoter-test-0002-repo-write-creds created
application.argoproj.io/promoter-test-0002-dev-use2 created
application.argoproj.io/promoter-test-0002-dev-usw2 created
application.argoproj.io/promoter-test-0002-stg-use2 created
application.argoproj.io/promoter-test-0002-stg-usw2 created
application.argoproj.io/promoter-test-0002-prd-use2 created
application.argoproj.io/promoter-test-0002-prd-usw2 created
appproject.argoproj.io/promoter-test-0003 created
secret/promoter-test-0003-repo-write-creds created
application.argoproj.io/promoter-test-0003-dev-use2 created
application.argoproj.io/promoter-test-0003-dev-usw2 created
application.argoproj.io/promoter-test-0003-stg-use2 created
application.argoproj.io/promoter-test-0003-stg-usw2 created
application.argoproj.io/promoter-test-0003-prd-use2 created
application.argoproj.io/promoter-test-0003-prd-usw2 created
appproject.argoproj.io/promoter-test-0004 created
secret/promoter-test-0004-repo-write-creds created
application.argoproj.io/promoter-test-0004-dev-use2 created
application.argoproj.io/promoter-test-0004-dev-usw2 created
application.argoproj.io/promoter-test-0004-stg-use2 created
application.argoproj.io/promoter-test-0004-stg-usw2 created
application.argoproj.io/promoter-test-0004-prd-use2 created
application.argoproj.io/promoter-test-0004-prd-usw2 created
[INFO] ✓ Argo CD cluster resources created successfully

[STEP] Patching Argo CD repo-write-creds secrets with private key...
Warning: resource secrets/promoter-test-0000-repo-write-creds is missing the kubectl.kubernetes.io/last-applied-configuration annotation which is required by kubectl apply. kubectl apply should only be used on resources created declaratively by either kubectl create --save-config or kubectl apply. The missing annotation will be patched automatically.
secret/promoter-test-0000-repo-write-creds configured
Warning: resource secrets/promoter-test-0001-repo-write-creds is missing the kubectl.kubernetes.io/last-applied-configuration annotation which is required by kubectl apply. kubectl apply should only be used on resources created declaratively by either kubectl create --save-config or kubectl apply. The missing annotation will be patched automatically.
secret/promoter-test-0001-repo-write-creds configured
Warning: resource secrets/promoter-test-0002-repo-write-creds is missing the kubectl.kubernetes.io/last-applied-configuration annotation which is required by kubectl apply. kubectl apply should only be used on resources created declaratively by either kubectl create --save-config or kubectl apply. The missing annotation will be patched automatically.
secret/promoter-test-0002-repo-write-creds configured
Warning: resource secrets/promoter-test-0003-repo-write-creds is missing the kubectl.kubernetes.io/last-applied-configuration annotation which is required by kubectl apply. kubectl apply should only be used on resources created declaratively by either kubectl create --save-config or kubectl apply. The missing annotation will be patched automatically.
secret/promoter-test-0003-repo-write-creds configured
Warning: resource secrets/promoter-test-0004-repo-write-creds is missing the kubectl.kubernetes.io/last-applied-configuration annotation which is required by kubectl apply. kubectl apply should only be used on resources created declaratively by either kubectl create --save-config or kubectl apply. The missing annotation will be patched automatically.
secret/promoter-test-0004-repo-write-creds configured
[INFO] ✓ All Argo CD secrets patched successfully

[STEP] Applying manifests to DESTINATION cluster...
namespace/promoter-test-0000-dev-use2 created
namespace/promoter-test-0000-dev-usw2 created
namespace/promoter-test-0000-stg-use2 created
namespace/promoter-test-0000-stg-usw2 created
namespace/promoter-test-0000-prd-use2 created
namespace/promoter-test-0000-prd-usw2 created
namespace/promoter-test-0001-dev-use2 created
namespace/promoter-test-0001-dev-usw2 created
namespace/promoter-test-0001-stg-use2 created
namespace/promoter-test-0001-stg-usw2 created
namespace/promoter-test-0001-prd-use2 created
namespace/promoter-test-0001-prd-usw2 created
namespace/prom